[2020-11-24 23:05:17.903714] 13
[2020-11-24 23:05:17.915718] もう	副詞,一般,*,*,*,*,もう,モウ,モー
[2020-11-24 23:05:17.916723] 寒い	形容詞,自立,*,*,形容詞・アウオ段,基本形,寒い,サムイ,サムイ
[2020-11-24 23:05:17.916723] から	助詞,接続助詞,*,*,*,*,から,カラ,カラ
[2020-11-24 23:05:17.916723] お	接頭詞,名詞接続,*,*,*,*,お,オ,オ
[2020-11-24 23:05:17.916723] 布団	名詞,一般,*,*,*,*,布団,フトン,フトン
[2020-11-24 23:05:17.916723] 入っ	動詞,自立,*,*,五段・ラ行,連用タ接続,入る,ハイッ,ハイッ
[2020-11-24 23:05:17.916723] た	助動詞,*,*,*,特殊・タ,基本形,た,タ,タ
[2020-11-24 23:05:17.916723] わ	助詞,終助詞,*,*,*,*,わ,ワ,ワ
[2020-11-24 23:05:17.916723] 置換対象数:1
[2020-11-24 23:05:17.916723] 品詞カウンター:{'副詞': 1, '形容詞': 1, '助詞': 2, '接頭詞': 1, '名詞': 1, '動詞': 1, '助動詞': 1}
[2020-11-24 23:05:17.917748] もう寒いからお布団入ったわ
[2020-11-24 23:05:17.918767] start:0, end:0
[2020-11-24 23:05:17.919728] 文節:もう寒いからお布団入ったわ, 品詞:副詞形容詞助詞接頭詞名詞動詞助動詞助詞, result:None
[2020-11-24 23:05:17.919728] start:0, end:1
[2020-11-24 23:05:17.920737] 文節:もう寒いからお布団入った, 品詞:副詞形容詞助詞接頭詞名詞動詞助動詞, result:None
[2020-11-24 23:05:17.920737] start:0, end:2
[2020-11-24 23:05:17.921735] 文節:もう寒いからお布団入っ, 品詞:副詞形容詞助詞接頭詞名詞動詞, result:None
[2020-11-24 23:05:17.921735] start:0, end:3
[2020-11-24 23:05:17.921735] 文節:もう寒いからお布団, 品詞:副詞形容詞助詞接頭詞名詞, result:None
[2020-11-24 23:05:17.921735] start:0, end:4
[2020-11-24 23:05:17.923734] 文節:もう寒いからお, 品詞:副詞形容詞助詞感動詞, result:None
[2020-11-24 23:05:17.923734] start:0, end:5
[2020-11-24 23:05:17.925750] 文節:もう寒いから, 品詞:副詞形容詞助詞, result:None
[2020-11-24 23:05:17.925750] start:0, end:6
[2020-11-24 23:05:17.926736] 文節:もう寒い, 品詞:副詞形容詞, result:None
[2020-11-24 23:05:17.926736] start:0, end:7
[2020-11-24 23:05:17.926736] 文節:もう, 品詞:副詞, result:<re.Match object; span=(0, 2), match='副詞'>
[2020-11-24 23:05:17.927735] start:1, end:0
[2020-11-24 23:05:17.929739] 文節:寒いからお布団入ったわ, 品詞:形容詞助詞接頭詞名詞動詞助動詞助詞, result:None
[2020-11-24 23:05:17.929739] start:1, end:1
[2020-11-24 23:05:17.930737] 文節:寒いからお布団入った, 品詞:形容詞助詞接頭詞名詞動詞助動詞, result:None
[2020-11-24 23:05:17.930737] start:1, end:2
[2020-11-24 23:05:17.931733] 文節:寒いからお布団入っ, 品詞:形容詞助詞接頭詞名詞動詞, result:None
[2020-11-24 23:05:17.931733] start:1, end:3
[2020-11-24 23:05:17.931733] 文節:寒いからお布団, 品詞:形容詞助詞接頭詞名詞, result:None
[2020-11-24 23:05:17.931733] start:1, end:4
[2020-11-24 23:05:17.932734] 文節:寒いからお, 品詞:形容詞助詞感動詞, result:None
[2020-11-24 23:05:17.932734] start:1, end:5
[2020-11-24 23:05:17.932734] 文節:寒いから, 品詞:形容詞助詞, result:<re.Match object; span=(0, 5), match='形容詞助詞'>
[2020-11-24 23:05:17.932734] start:3, end:0
[2020-11-24 23:05:17.932734] 文節:お布団入ったわ, 品詞:接頭詞名詞動詞助動詞助詞, result:None
[2020-11-24 23:05:17.932734] start:3, end:1
[2020-11-24 23:05:17.933757] 文節:お布団入った, 品詞:接頭詞名詞動詞助動詞, result:None
[2020-11-24 23:05:17.933757] start:3, end:2
[2020-11-24 23:05:17.933757] 文節:お布団入っ, 品詞:接頭詞名詞動詞, result:None
[2020-11-24 23:05:17.933757] start:3, end:3
[2020-11-24 23:05:17.933757] 文節:お布団, 品詞:接頭詞名詞, result:None
[2020-11-24 23:05:17.933757] start:3, end:4
[2020-11-24 23:05:17.933757] 文節:お, 品詞:感動詞, result:<re.Match object; span=(0, 3), match='感動詞'>
[2020-11-24 23:05:17.933757] start:4, end:0
[2020-11-24 23:05:17.934750] 文節:布団入ったわ, 品詞:名詞動詞助動詞助詞, result:None
[2020-11-24 23:05:17.934750] start:4, end:1
[2020-11-24 23:05:17.934750] 文節:布団入った, 品詞:名詞動詞助動詞, result:None
[2020-11-24 23:05:17.934750] start:4, end:2
[2020-11-24 23:05:17.934750] 文節:布団入っ, 品詞:名詞動詞, result:<re.Match object; span=(0, 4), match='名詞動詞'>
[2020-11-24 23:05:17.934750] start:6, end:0
[2020-11-24 23:05:17.934750] 文節:たわ, 品詞:助動詞助詞, result:None
[2020-11-24 23:05:17.934750] start:6, end:1
[2020-11-24 23:05:17.934750] 文節:た, 品詞:助動詞, result:None
[2020-11-24 23:05:17.934750] もう/寒いから/お/布団入っ/
